{
  "stats": {
    "suites": 140,
    "tests": 183,
    "passes": 0,
    "pending": 0,
    "failures": 183,
    "start": "2016-07-08T08:27:46.411Z",
    "end": "2016-07-08T08:27:50.425Z"
  },
  "coverage": {
    "total": {
      "statementsTotal": 464,
      "statementsCovered": 283,
      "percentage": 60.99
    },
    "files": [
      {
        "name": "soar-trading/config/environment",
        "statementsTotal": 8,
        "statementsCovered": 7,
        "percentage": 87.5
      },
      {
        "name": "soar-trading/app",
        "statementsTotal": 24,
        "statementsCovered": 23,
        "percentage": 95.83
      },
      {
        "name": "soar-trading/initializers/app-version",
        "statementsTotal": 2,
        "statementsCovered": 2,
        "percentage": 100
      },
      {
        "name": "soar-trading/initializers/ember-simple-auth",
        "statementsTotal": 7,
        "statementsCovered": 7,
        "percentage": 100
      },
      {
        "name": "soar-trading/initializers/export-application-global",
        "statementsTotal": 16,
        "statementsCovered": 15,
        "percentage": 93.75
      },
      {
        "name": "soar-trading/initializers/notifications",
        "statementsTotal": 6,
        "statementsCovered": 6,
        "percentage": 100
      },
      {
        "name": "soar-trading/instance-initializers/ember-simple-auth",
        "statementsTotal": 3,
        "statementsCovered": 3,
        "percentage": 100
      },
      {
        "name": "soar-trading/helpers/logger",
        "statementsTotal": 5,
        "statementsCovered": 5,
        "percentage": 100
      },
      {
        "name": "soar-trading/helpers/prettify",
        "statementsTotal": 7,
        "statementsCovered": 6,
        "percentage": 85.71
      },
      {
        "name": "soar-trading/mixins/app",
        "statementsTotal": 2,
        "statementsCovered": 2,
        "percentage": 100
      },
      {
        "name": "soar-trading/router",
        "statementsTotal": 12,
        "statementsCovered": 12,
        "percentage": 100
      },
      {
        "name": "soar-trading/routes/application",
        "statementsTotal": 2,
        "statementsCovered": 2,
        "percentage": 100
      },
      {
        "name": "soar-trading/services/session",
        "statementsTotal": 2,
        "statementsCovered": 2,
        "percentage": 100
      },
      {
        "name": "soar-trading/routes/404",
        "statementsTotal": 2,
        "statementsCovered": 2,
        "percentage": 100
      },
      {
        "name": "soar-trading/components/nav-bar",
        "statementsTotal": 2,
        "statementsCovered": 2,
        "percentage": 100
      },
      {
        "name": "soar-trading/components/navbar-members",
        "statementsTotal": 4,
        "statementsCovered": 2,
        "percentage": 50
      },
      {
        "name": "soar-trading/components/ember-notify",
        "statementsTotal": 2,
        "statementsCovered": 2,
        "percentage": 100
      },
      {
        "name": "soar-trading/services/notify",
        "statementsTotal": 2,
        "statementsCovered": 2,
        "percentage": 100
      },
      {
        "name": "soar-trading/routes/members",
        "statementsTotal": 4,
        "statementsCovered": 4,
        "percentage": 100
      },
      {
        "name": "soar-trading/routes/members/login",
        "statementsTotal": 2,
        "statementsCovered": 2,
        "percentage": 100
      },
      {
        "name": "soar-trading/components/members/panel-switch",
        "statementsTotal": 2,
        "statementsCovered": 2,
        "percentage": 100
      },
      {
        "name": "soar-trading/components/members/login-panel",
        "statementsTotal": 11,
        "statementsCovered": 10,
        "percentage": 90.91
      },
      {
        "name": "soar-trading/routes/account",
        "statementsTotal": 24,
        "statementsCovered": 14,
        "percentage": 58.33
      },
      {
        "name": "soar-trading/models/active-account",
        "statementsTotal": 2,
        "statementsCovered": 2,
        "percentage": 100
      },
      {
        "name": "soar-trading/adapters/active-account",
        "statementsTotal": 2,
        "statementsCovered": 2,
        "percentage": 100
      },
      {
        "name": "soar-trading/serializers/application",
        "statementsTotal": 2,
        "statementsCovered": 2,
        "percentage": 100
      },
      {
        "name": "soar-trading/components/overview-list",
        "statementsTotal": 3,
        "statementsCovered": 3,
        "percentage": 100
      },
      {
        "name": "soar-trading/components/account-item",
        "statementsTotal": 2,
        "statementsCovered": 2,
        "percentage": 100
      },
      {
        "name": "soar-trading/components/position-row",
        "statementsTotal": 22,
        "statementsCovered": 3,
        "percentage": 13.64
      },
      {
        "name": "soar-trading/services/pnl-service",
        "statementsTotal": 26,
        "statementsCovered": 21,
        "percentage": 80.77
      },
      {
        "name": "soar-trading/services/ls-client",
        "statementsTotal": 13,
        "statementsCovered": 13,
        "percentage": 100
      },
      {
        "name": "soar-trading/components/result-row",
        "statementsTotal": 2,
        "statementsCovered": 2,
        "percentage": 100
      },
      {
        "name": "soar-trading/components/search-box",
        "statementsTotal": 3,
        "statementsCovered": 2,
        "percentage": 66.67
      },
      {
        "name": "soar-trading/components/working-order-row",
        "statementsTotal": 3,
        "statementsCovered": 2,
        "percentage": 66.67
      },
      {
        "name": "soar-trading/adapters/application",
        "statementsTotal": 5,
        "statementsCovered": 2,
        "percentage": 40
      },
      {
        "name": "soar-trading/adapters/search",
        "statementsTotal": 2,
        "statementsCovered": 2,
        "percentage": 100
      },
      {
        "name": "soar-trading/models/account",
        "statementsTotal": 3,
        "statementsCovered": 2,
        "percentage": 66.67
      },
      {
        "name": "soar-trading/models/position",
        "statementsTotal": 2,
        "statementsCovered": 2,
        "percentage": 100
      },
      {
        "name": "soar-trading/models/search",
        "statementsTotal": 2,
        "statementsCovered": 2,
        "percentage": 100
      },
      {
        "name": "soar-trading/models/workingorder",
        "statementsTotal": 7,
        "statementsCovered": 2,
        "percentage": 28.57
      },
      {
        "name": "soar-trading/routes/account/orders",
        "statementsTotal": 9,
        "statementsCovered": 2,
        "percentage": 22.22
      },
      {
        "name": "soar-trading/routes/account/overview",
        "statementsTotal": 3,
        "statementsCovered": 2,
        "percentage": 66.67
      },
      {
        "name": "soar-trading/routes/account/positions",
        "statementsTotal": 13,
        "statementsCovered": 2,
        "percentage": 15.38
      },
      {
        "name": "soar-trading/routes/account/search",
        "statementsTotal": 48,
        "statementsCovered": 2,
        "percentage": 4.17
      },
      {
        "name": "soar-trading/serializers/position",
        "statementsTotal": 7,
        "statementsCovered": 2,
        "percentage": 28.57
      },
      {
        "name": "soar-trading/serializers/workingorder",
        "statementsTotal": 7,
        "statementsCovered": 2,
        "percentage": 28.57
      },
      {
        "name": "soar-trading/services/balance-service",
        "statementsTotal": 16,
        "statementsCovered": 14,
        "percentage": 87.5
      },
      {
        "name": "soar-trading/services/confirm-service",
        "statementsTotal": 10,
        "statementsCovered": 10,
        "percentage": 100
      },
      {
        "name": "soar-trading/services/deal-service",
        "statementsTotal": 21,
        "statementsCovered": 21,
        "percentage": 100
      },
      {
        "name": "soar-trading/services/search-service",
        "statementsTotal": 26,
        "statementsCovered": 2,
        "percentage": 7.69
      },
      {
        "name": "soar-trading/services/session-authenticator",
        "statementsTotal": 23,
        "statementsCovered": 2,
        "percentage": 8.7
      },
      {
        "name": "soar-trading/authenticators/application",
        "statementsTotal": 9,
        "statementsCovered": 2,
        "percentage": 22.22
      },
      {
        "name": "soar-trading/components/app-version",
        "statementsTotal": 4,
        "statementsCovered": 4,
        "percentage": 100
      },
      {
        "name": "soar-trading/components/ember-chart",
        "statementsTotal": 2,
        "statementsCovered": 2,
        "percentage": 100
      },
      {
        "name": "soar-trading/components/ember-notify/message",
        "statementsTotal": 2,
        "statementsCovered": 2,
        "percentage": 100
      },
      {
        "name": "soar-trading/components/notification-container",
        "statementsTotal": 3,
        "statementsCovered": 3,
        "percentage": 100
      },
      {
        "name": "soar-trading/components/notification-message",
        "statementsTotal": 3,
        "statementsCovered": 3,
        "percentage": 100
      },
      {
        "name": "soar-trading/controllers/array",
        "statementsTotal": 2,
        "statementsCovered": 2,
        "percentage": 100
      },
      {
        "name": "soar-trading/controllers/object",
        "statementsTotal": 2,
        "statementsCovered": 2,
        "percentage": 100
      },
      {
        "name": "soar-trading/session-stores/application",
        "statementsTotal": 2,
        "statementsCovered": 2,
        "percentage": 100
      }
    ]
  }
}