{
  "stats": {
    "suites": 2,
    "tests": 1,
    "passes": 0,
    "pending": 0,
    "failures": 1,
    "start": "2016-09-08T08:43:08.832Z",
    "end": "2016-09-08T08:43:09.069Z"
  },
  "coverage": {
    "total": {
      "statementsTotal": 613,
      "statementsCovered": 227,
      "percentage": 37.03
    },
    "files": [
      {
        "name": "soar-trading/config/environment",
        "statementsTotal": 8,
        "statementsCovered": 7,
        "percentage": 87.5
      },
      {
        "name": "soar-trading/app",
        "statementsTotal": 24,
        "statementsCovered": 19,
        "percentage": 79.17
      },
      {
        "name": "soar-trading/initializers/app-version",
        "statementsTotal": 2,
        "statementsCovered": 2,
        "percentage": 100
      },
      {
        "name": "soar-trading/initializers/ember-simple-auth",
        "statementsTotal": 7,
        "statementsCovered": 2,
        "percentage": 28.57
      },
      {
        "name": "soar-trading/initializers/export-application-global",
        "statementsTotal": 16,
        "statementsCovered": 4,
        "percentage": 25
      },
      {
        "name": "soar-trading/initializers/notifications",
        "statementsTotal": 6,
        "statementsCovered": 2,
        "percentage": 33.33
      },
      {
        "name": "soar-trading/initializers/truth-helpers",
        "statementsTotal": 16,
        "statementsCovered": 4,
        "percentage": 25
      },
      {
        "name": "soar-trading/instance-initializers/ember-simple-auth",
        "statementsTotal": 3,
        "statementsCovered": 2,
        "percentage": 66.67
      },
      {
        "name": "soar-trading/helpers/logger",
        "statementsTotal": 5,
        "statementsCovered": 4,
        "percentage": 80
      },
      {
        "name": "soar-trading/helpers/prettify",
        "statementsTotal": 7,
        "statementsCovered": 4,
        "percentage": 57.14
      },
      {
        "name": "soar-trading/mixins/app",
        "statementsTotal": 2,
        "statementsCovered": 2,
        "percentage": 100
      },
      {
        "name": "soar-trading/router",
        "statementsTotal": 13,
        "statementsCovered": 4,
        "percentage": 30.77
      },
      {
        "name": "soar-trading/routes/account/positions",
        "statementsTotal": 13,
        "statementsCovered": 3,
        "percentage": 23.08
      },
      {
        "name": "soar-trading/adapters/active-account",
        "statementsTotal": 2,
        "statementsCovered": 2,
        "percentage": 100
      },
      {
        "name": "soar-trading/adapters/application",
        "statementsTotal": 5,
        "statementsCovered": 2,
        "percentage": 40
      },
      {
        "name": "soar-trading/adapters/search",
        "statementsTotal": 2,
        "statementsCovered": 2,
        "percentage": 100
      },
      {
        "name": "soar-trading/authenticators/application",
        "statementsTotal": 9,
        "statementsCovered": 2,
        "percentage": 22.22
      },
      {
        "name": "soar-trading/components/account-item",
        "statementsTotal": 6,
        "statementsCovered": 2,
        "percentage": 33.33
      },
      {
        "name": "soar-trading/components/app-version",
        "statementsTotal": 4,
        "statementsCovered": 4,
        "percentage": 100
      },
      {
        "name": "soar-trading/components/deal-now",
        "statementsTotal": 3,
        "statementsCovered": 2,
        "percentage": 66.67
      },
      {
        "name": "soar-trading/components/ember-chart",
        "statementsTotal": 2,
        "statementsCovered": 2,
        "percentage": 100
      },
      {
        "name": "soar-trading/components/ember-notify",
        "statementsTotal": 2,
        "statementsCovered": 2,
        "percentage": 100
      },
      {
        "name": "soar-trading/components/ember-notify/message",
        "statementsTotal": 2,
        "statementsCovered": 2,
        "percentage": 100
      },
      {
        "name": "soar-trading/components/members/login-panel",
        "statementsTotal": 11,
        "statementsCovered": 2,
        "percentage": 18.18
      },
      {
        "name": "soar-trading/components/members/panel-switch",
        "statementsTotal": 2,
        "statementsCovered": 2,
        "percentage": 100
      },
      {
        "name": "soar-trading/components/nav-bar",
        "statementsTotal": 2,
        "statementsCovered": 2,
        "percentage": 100
      },
      {
        "name": "soar-trading/components/navbar-members",
        "statementsTotal": 4,
        "statementsCovered": 2,
        "percentage": 50
      },
      {
        "name": "soar-trading/components/notification-container",
        "statementsTotal": 3,
        "statementsCovered": 3,
        "percentage": 100
      },
      {
        "name": "soar-trading/components/notification-message",
        "statementsTotal": 3,
        "statementsCovered": 3,
        "percentage": 100
      },
      {
        "name": "soar-trading/components/order-later",
        "statementsTotal": 9,
        "statementsCovered": 2,
        "percentage": 22.22
      },
      {
        "name": "soar-trading/components/overview-list",
        "statementsTotal": 3,
        "statementsCovered": 2,
        "percentage": 66.67
      },
      {
        "name": "soar-trading/components/pikaday-input",
        "statementsTotal": 2,
        "statementsCovered": 2,
        "percentage": 100
      },
      {
        "name": "soar-trading/components/pikaday-inputless",
        "statementsTotal": 3,
        "statementsCovered": 3,
        "percentage": 100
      },
      {
        "name": "soar-trading/components/position-row",
        "statementsTotal": 22,
        "statementsCovered": 2,
        "percentage": 9.09
      },
      {
        "name": "soar-trading/components/result-row",
        "statementsTotal": 3,
        "statementsCovered": 2,
        "percentage": 66.67
      },
      {
        "name": "soar-trading/components/search-box",
        "statementsTotal": 3,
        "statementsCovered": 2,
        "percentage": 66.67
      },
      {
        "name": "soar-trading/components/working-order-row",
        "statementsTotal": 7,
        "statementsCovered": 2,
        "percentage": 28.57
      },
      {
        "name": "soar-trading/controllers/account/search/deal",
        "statementsTotal": 17,
        "statementsCovered": 2,
        "percentage": 11.76
      },
      {
        "name": "soar-trading/controllers/array",
        "statementsTotal": 2,
        "statementsCovered": 2,
        "percentage": 100
      },
      {
        "name": "soar-trading/controllers/object",
        "statementsTotal": 2,
        "statementsCovered": 2,
        "percentage": 100
      },
      {
        "name": "soar-trading/helpers/and",
        "statementsTotal": 7,
        "statementsCovered": 5,
        "percentage": 71.43
      },
      {
        "name": "soar-trading/helpers/eq",
        "statementsTotal": 7,
        "statementsCovered": 5,
        "percentage": 71.43
      },
      {
        "name": "soar-trading/helpers/gt",
        "statementsTotal": 7,
        "statementsCovered": 5,
        "percentage": 71.43
      },
      {
        "name": "soar-trading/helpers/gte",
        "statementsTotal": 7,
        "statementsCovered": 5,
        "percentage": 71.43
      },
      {
        "name": "soar-trading/helpers/is-array",
        "statementsTotal": 7,
        "statementsCovered": 5,
        "percentage": 71.43
      },
      {
        "name": "soar-trading/helpers/lt",
        "statementsTotal": 7,
        "statementsCovered": 5,
        "percentage": 71.43
      },
      {
        "name": "soar-trading/helpers/lte",
        "statementsTotal": 7,
        "statementsCovered": 5,
        "percentage": 71.43
      },
      {
        "name": "soar-trading/helpers/not-eq",
        "statementsTotal": 7,
        "statementsCovered": 5,
        "percentage": 71.43
      },
      {
        "name": "soar-trading/helpers/not",
        "statementsTotal": 7,
        "statementsCovered": 5,
        "percentage": 71.43
      },
      {
        "name": "soar-trading/helpers/or",
        "statementsTotal": 7,
        "statementsCovered": 5,
        "percentage": 71.43
      },
      {
        "name": "soar-trading/helpers/xor",
        "statementsTotal": 7,
        "statementsCovered": 5,
        "percentage": 71.43
      },
      {
        "name": "soar-trading/models/account",
        "statementsTotal": 2,
        "statementsCovered": 2,
        "percentage": 100
      },
      {
        "name": "soar-trading/models/active-account",
        "statementsTotal": 2,
        "statementsCovered": 2,
        "percentage": 100
      },
      {
        "name": "soar-trading/models/position",
        "statementsTotal": 2,
        "statementsCovered": 2,
        "percentage": 100
      },
      {
        "name": "soar-trading/models/search",
        "statementsTotal": 2,
        "statementsCovered": 2,
        "percentage": 100
      },
      {
        "name": "soar-trading/models/workingorder",
        "statementsTotal": 2,
        "statementsCovered": 2,
        "percentage": 100
      },
      {
        "name": "soar-trading/routes/404",
        "statementsTotal": 2,
        "statementsCovered": 2,
        "percentage": 100
      },
      {
        "name": "soar-trading/routes/account",
        "statementsTotal": 21,
        "statementsCovered": 2,
        "percentage": 9.52
      },
      {
        "name": "soar-trading/routes/account/orders",
        "statementsTotal": 8,
        "statementsCovered": 2,
        "percentage": 25
      },
      {
        "name": "soar-trading/routes/account/overview",
        "statementsTotal": 3,
        "statementsCovered": 2,
        "percentage": 66.67
      },
      {
        "name": "soar-trading/routes/account/search",
        "statementsTotal": 61,
        "statementsCovered": 2,
        "percentage": 3.28
      },
      {
        "name": "soar-trading/routes/account/search/deal",
        "statementsTotal": 5,
        "statementsCovered": 2,
        "percentage": 40
      },
      {
        "name": "soar-trading/routes/application",
        "statementsTotal": 2,
        "statementsCovered": 2,
        "percentage": 100
      },
      {
        "name": "soar-trading/routes/members",
        "statementsTotal": 4,
        "statementsCovered": 2,
        "percentage": 50
      },
      {
        "name": "soar-trading/routes/members/login",
        "statementsTotal": 2,
        "statementsCovered": 2,
        "percentage": 100
      },
      {
        "name": "soar-trading/serializers/application",
        "statementsTotal": 2,
        "statementsCovered": 2,
        "percentage": 100
      },
      {
        "name": "soar-trading/serializers/position",
        "statementsTotal": 7,
        "statementsCovered": 2,
        "percentage": 28.57
      },
      {
        "name": "soar-trading/serializers/workingorder",
        "statementsTotal": 7,
        "statementsCovered": 2,
        "percentage": 28.57
      },
      {
        "name": "soar-trading/services/balance-service",
        "statementsTotal": 8,
        "statementsCovered": 2,
        "percentage": 25
      },
      {
        "name": "soar-trading/services/confirm-service",
        "statementsTotal": 8,
        "statementsCovered": 2,
        "percentage": 25
      },
      {
        "name": "soar-trading/services/deal-service",
        "statementsTotal": 66,
        "statementsCovered": 2,
        "percentage": 3.03
      },
      {
        "name": "soar-trading/services/ls-client",
        "statementsTotal": 13,
        "statementsCovered": 2,
        "percentage": 15.38
      },
      {
        "name": "soar-trading/services/notify",
        "statementsTotal": 2,
        "statementsCovered": 2,
        "percentage": 100
      },
      {
        "name": "soar-trading/services/pnl-service",
        "statementsTotal": 11,
        "statementsCovered": 2,
        "percentage": 18.18
      },
      {
        "name": "soar-trading/services/search-service",
        "statementsTotal": 10,
        "statementsCovered": 2,
        "percentage": 20
      },
      {
        "name": "soar-trading/services/session-authenticator",
        "statementsTotal": 23,
        "statementsCovered": 2,
        "percentage": 8.7
      },
      {
        "name": "soar-trading/services/session",
        "statementsTotal": 2,
        "statementsCovered": 2,
        "percentage": 100
      },
      {
        "name": "soar-trading/session-stores/application",
        "statementsTotal": 2,
        "statementsCovered": 2,
        "percentage": 100
      }
    ]
  }
}